2015-07-05 15:41:06 Error: [Cake\Database\Exception] SQLSTATE[42S02]: Base table or view not found: 1146 Table 'kriegsmaterialexport.users' doesn't exist
Stack Trace:
#0 /home/masterchief/kriegsmaterial/vendor/cakephp/cakephp/src/Database/Schema/Collection.php(96): Cake\Database\Schema\Collection->_reflect('Column', 'users', Array, Object(Cake\Database\Schema\Table))
#1 /home/masterchief/kriegsmaterial/vendor/cakephp/cakephp/src/Database/Schema/CachedCollection.php(65): Cake\Database\Schema\Collection->describe('users', Array)
#2 /home/masterchief/kriegsmaterial/vendor/cakephp/cakephp/src/ORM/Table.php(426): Cake\Database\Schema\CachedCollection->describe('users')
#3 /home/masterchief/kriegsmaterial/vendor/cakephp/cakephp/src/ORM/Table.php(502): Cake\ORM\Table->schema()
#4 /home/masterchief/kriegsmaterial/vendor/cakephp/bake/src/Shell/Task/ModelTask.php(195): Cake\ORM\Table->primaryKey()
#5 /home/masterchief/kriegsmaterial/vendor/cakephp/bake/src/Shell/Task/ModelTask.php(110): Bake\Shell\Task\ModelTask->getAssociations(Object(Cake\ORM\Table))
#6 /home/masterchief/kriegsmaterial/vendor/cakephp/bake/src/Shell/Task/ModelTask.php(96): Bake\Shell\Task\ModelTask->bake('Users')
#7 /home/masterchief/kriegsmaterial/vendor/cakephp/bake/src/Shell/BakeShell.php(254): Bake\Shell\Task\ModelTask->main('Users')
#8 /home/masterchief/kriegsmaterial/vendor/cakephp/cakephp/src/Collection/CollectionTrait.php(51): Bake\Shell\BakeShell->Bake\Shell\{closure}('users', 0)
#9 /home/masterchief/kriegsmaterial/vendor/cakephp/bake/src/Shell/BakeShell.php(257): Cake\Collection\Collection->each(Object(Closure))
#10 [internal function]: Bake\Shell\BakeShell->all('users')
#11 /home/masterchief/kriegsmaterial/vendor/cakephp/cakephp/src/Console/Shell.php(380): call_user_func_array(Array, Array)
#12 /home/masterchief/kriegsmaterial/vendor/cakephp/cakephp/src/Console/ShellDispatcher.php(204): Cake\Console\Shell->runCommand(Array, true)
#13 /home/masterchief/kriegsmaterial/vendor/cakephp/cakephp/src/Console/ShellDispatcher.php(175): Cake\Console\ShellDispatcher->_dispatch()
#14 /home/masterchief/kriegsmaterial/vendor/cakephp/cakephp/src/Console/ShellDispatcher.php(126): Cake\Console\ShellDispatcher->dispatch()
#15 /home/masterchief/kriegsmaterial/bin/cake.php(33): Cake\Console\ShellDispatcher::run(Array)
#16 {main}


2015-07-05 15:43:31 Error: [Cake\Database\Exception] SQLSTATE[42S02]: Base table or view not found: 1146 Table 'kriegsmaterialexport.users' doesn't exist
Stack Trace:
#0 /home/masterchief/kriegsmaterial/vendor/cakephp/cakephp/src/Database/Schema/Collection.php(96): Cake\Database\Schema\Collection->_reflect('Column', 'users', Array, Object(Cake\Database\Schema\Table))
#1 /home/masterchief/kriegsmaterial/vendor/cakephp/cakephp/src/Database/Schema/CachedCollection.php(65): Cake\Database\Schema\Collection->describe('users', Array)
#2 /home/masterchief/kriegsmaterial/vendor/cakephp/cakephp/src/ORM/Table.php(426): Cake\Database\Schema\CachedCollection->describe('users')
#3 /home/masterchief/kriegsmaterial/vendor/cakephp/cakephp/src/ORM/Table.php(502): Cake\ORM\Table->schema()
#4 /home/masterchief/kriegsmaterial/vendor/cakephp/bake/src/Shell/Task/ModelTask.php(195): Cake\ORM\Table->primaryKey()
#5 /home/masterchief/kriegsmaterial/vendor/cakephp/bake/src/Shell/Task/ModelTask.php(110): Bake\Shell\Task\ModelTask->getAssociations(Object(Cake\ORM\Table))
#6 /home/masterchief/kriegsmaterial/vendor/cakephp/bake/src/Shell/Task/ModelTask.php(96): Bake\Shell\Task\ModelTask->bake('Users')
#7 /home/masterchief/kriegsmaterial/vendor/cakephp/bake/src/Shell/BakeShell.php(254): Bake\Shell\Task\ModelTask->main('Users')
#8 /home/masterchief/kriegsmaterial/vendor/cakephp/cakephp/src/Collection/CollectionTrait.php(51): Bake\Shell\BakeShell->Bake\Shell\{closure}('users', 0)
#9 /home/masterchief/kriegsmaterial/vendor/cakephp/bake/src/Shell/BakeShell.php(257): Cake\Collection\Collection->each(Object(Closure))
#10 [internal function]: Bake\Shell\BakeShell->all('users')
#11 /home/masterchief/kriegsmaterial/vendor/cakephp/cakephp/src/Console/Shell.php(380): call_user_func_array(Array, Array)
#12 /home/masterchief/kriegsmaterial/vendor/cakephp/cakephp/src/Console/ShellDispatcher.php(204): Cake\Console\Shell->runCommand(Array, true)
#13 /home/masterchief/kriegsmaterial/vendor/cakephp/cakephp/src/Console/ShellDispatcher.php(175): Cake\Console\ShellDispatcher->_dispatch()
#14 /home/masterchief/kriegsmaterial/vendor/cakephp/cakephp/src/Console/ShellDispatcher.php(126): Cake\Console\ShellDispatcher->dispatch()
#15 /home/masterchief/kriegsmaterial/bin/cake.php(33): Cake\Console\ShellDispatcher::run(Array)
#16 {main}


2015-07-06 10:55:23 Error: [Cake\Console\Exception\MissingShellException] Shell class for "Users" could not be found.
Exception Attributes: array (
  'class' => 'Users',
)
Stack Trace:
#0 /home/masterchief/kriegsmaterial/vendor/cakephp/cakephp/src/Console/ShellDispatcher.php(201): Cake\Console\ShellDispatcher->findShell('users')
#1 /home/masterchief/kriegsmaterial/vendor/cakephp/cakephp/src/Console/ShellDispatcher.php(175): Cake\Console\ShellDispatcher->_dispatch()
#2 /home/masterchief/kriegsmaterial/vendor/cakephp/cakephp/src/Console/ShellDispatcher.php(126): Cake\Console\ShellDispatcher->dispatch()
#3 /home/masterchief/kriegsmaterial/bin/cake.php(33): Cake\Console\ShellDispatcher::run(Array)
#4 {main}


