2015-07-14 13:09:38 Notice: Notice (8): Undefined variable: export in [/home/masterchief/kriegsmaterial/src/Controller/ExportController.php, line 22]
Trace:
Cake\Error\BaseErrorHandler::handleError() - CORE/src/Error/BaseErrorHandler.php, line 138
App\Controller\ExportController::index() - APP/Controller/ExportController.php, line 22
Cake\Controller\Controller::invokeAction() - CORE/src/Controller/Controller.php, line 411
Cake\Routing\Dispatcher::_invoke() - CORE/src/Routing/Dispatcher.php, line 114
Cake\Routing\Dispatcher::dispatch() - CORE/src/Routing/Dispatcher.php, line 87
[main] - ROOT/webroot/index.php, line 37



2015-07-16 15:16:13 Notice: Notice (8): Undefined variable: laender in [/home/masterchief/git/kriegsmaterial/src/Controller/ExportController.php, line 57]
Trace:
Cake\Error\BaseErrorHandler::handleError() - CORE/src/Error/BaseErrorHandler.php, line 138
App\Controller\ExportController::test() - APP/Controller/ExportController.php, line 57
Cake\Controller\Controller::invokeAction() - CORE/src/Controller/Controller.php, line 411
Cake\Routing\Dispatcher::_invoke() - CORE/src/Routing/Dispatcher.php, line 114
Cake\Routing\Dispatcher::dispatch() - CORE/src/Routing/Dispatcher.php, line 87
[main] - ROOT/webroot/index.php, line 37



2015-07-21 10:27:20 Notice: Notice (8): Undefined variable: queryAll in [/home/masterchief/git/kriegsmaterial/src/Controller/ExportController.php, line 68]
Trace:
Cake\Error\BaseErrorHandler::handleError() - CORE/src/Error/BaseErrorHandler.php, line 138
App\Controller\ExportController::test() - APP/Controller/ExportController.php, line 68
Cake\Controller\Controller::invokeAction() - CORE/src/Controller/Controller.php, line 411
Cake\Routing\Dispatcher::_invoke() - CORE/src/Routing/Dispatcher.php, line 114
Cake\Routing\Dispatcher::dispatch() - CORE/src/Routing/Dispatcher.php, line 87
[main] - ROOT/webroot/index.php, line 37



2015-08-03 16:07:43 Notice: Notice (8): Undefined variable: laender in [/home/masterchief/git/kriegsmaterial/src/Template/Export/test.ctp, line 36]
Trace:
Cake\Error\BaseErrorHandler::handleError() - CORE/src/Error/BaseErrorHandler.php, line 138
include - APP/Template/Export/test.ctp, line 36
Cake\View\View::_evaluate() - CORE/src/View/View.php, line 833
Cake\View\View::_render() - CORE/src/View/View.php, line 793
Cake\View\View::render() - CORE/src/View/View.php, line 464
Cake\Controller\Controller::render() - CORE/src/Controller/Controller.php, line 582
Cake\Routing\Dispatcher::_invoke() - CORE/src/Routing/Dispatcher.php, line 120
Cake\Routing\Dispatcher::dispatch() - CORE/src/Routing/Dispatcher.php, line 87
[main] - ROOT/webroot/index.php, line 37



2015-08-03 16:07:43 Notice: Notice (8): Undefined variable: laender in [/home/masterchief/git/kriegsmaterial/src/Template/Export/test.ctp, line 44]
Trace:
Cake\Error\BaseErrorHandler::handleError() - CORE/src/Error/BaseErrorHandler.php, line 138
include - APP/Template/Export/test.ctp, line 44
Cake\View\View::_evaluate() - CORE/src/View/View.php, line 833
Cake\View\View::_render() - CORE/src/View/View.php, line 793
Cake\View\View::render() - CORE/src/View/View.php, line 464
Cake\Controller\Controller::render() - CORE/src/Controller/Controller.php, line 582
Cake\Routing\Dispatcher::_invoke() - CORE/src/Routing/Dispatcher.php, line 120
Cake\Routing\Dispatcher::dispatch() - CORE/src/Routing/Dispatcher.php, line 87
[main] - ROOT/webroot/index.php, line 37



2015-08-03 16:07:43 Notice: Notice (8): Undefined variable: laender in [/home/masterchief/git/kriegsmaterial/src/Template/Export/test.ctp, line 52]
Trace:
Cake\Error\BaseErrorHandler::handleError() - CORE/src/Error/BaseErrorHandler.php, line 138
include - APP/Template/Export/test.ctp, line 52
Cake\View\View::_evaluate() - CORE/src/View/View.php, line 833
Cake\View\View::_render() - CORE/src/View/View.php, line 793
Cake\View\View::render() - CORE/src/View/View.php, line 464
Cake\Controller\Controller::render() - CORE/src/Controller/Controller.php, line 582
Cake\Routing\Dispatcher::_invoke() - CORE/src/Routing/Dispatcher.php, line 120
Cake\Routing\Dispatcher::dispatch() - CORE/src/Routing/Dispatcher.php, line 87
[main] - ROOT/webroot/index.php, line 37



2015-08-03 16:07:43 Notice: Notice (8): Undefined variable: laender in [/home/masterchief/git/kriegsmaterial/src/Template/Export/test.ctp, line 60]
Trace:
Cake\Error\BaseErrorHandler::handleError() - CORE/src/Error/BaseErrorHandler.php, line 138
include - APP/Template/Export/test.ctp, line 60
Cake\View\View::_evaluate() - CORE/src/View/View.php, line 833
Cake\View\View::_render() - CORE/src/View/View.php, line 793
Cake\View\View::render() - CORE/src/View/View.php, line 464
Cake\Controller\Controller::render() - CORE/src/Controller/Controller.php, line 582
Cake\Routing\Dispatcher::_invoke() - CORE/src/Routing/Dispatcher.php, line 120
Cake\Routing\Dispatcher::dispatch() - CORE/src/Routing/Dispatcher.php, line 87
[main] - ROOT/webroot/index.php, line 37



2015-08-03 16:07:43 Notice: Notice (8): Undefined variable: laender in [/home/masterchief/git/kriegsmaterial/src/Template/Export/test.ctp, line 68]
Trace:
Cake\Error\BaseErrorHandler::handleError() - CORE/src/Error/BaseErrorHandler.php, line 138
include - APP/Template/Export/test.ctp, line 68
Cake\View\View::_evaluate() - CORE/src/View/View.php, line 833
Cake\View\View::_render() - CORE/src/View/View.php, line 793
Cake\View\View::render() - CORE/src/View/View.php, line 464
Cake\Controller\Controller::render() - CORE/src/Controller/Controller.php, line 582
Cake\Routing\Dispatcher::_invoke() - CORE/src/Routing/Dispatcher.php, line 120
Cake\Routing\Dispatcher::dispatch() - CORE/src/Routing/Dispatcher.php, line 87
[main] - ROOT/webroot/index.php, line 37



2015-08-03 16:07:43 Notice: Notice (8): Undefined variable: laender in [/home/masterchief/git/kriegsmaterial/src/Template/Export/test.ctp, line 76]
Trace:
Cake\Error\BaseErrorHandler::handleError() - CORE/src/Error/BaseErrorHandler.php, line 138
include - APP/Template/Export/test.ctp, line 76
Cake\View\View::_evaluate() - CORE/src/View/View.php, line 833
Cake\View\View::_render() - CORE/src/View/View.php, line 793
Cake\View\View::render() - CORE/src/View/View.php, line 464
Cake\Controller\Controller::render() - CORE/src/Controller/Controller.php, line 582
Cake\Routing\Dispatcher::_invoke() - CORE/src/Routing/Dispatcher.php, line 120
Cake\Routing\Dispatcher::dispatch() - CORE/src/Routing/Dispatcher.php, line 87
[main] - ROOT/webroot/index.php, line 37



2015-08-05 12:43:39 Notice: Notice (8): Array to string conversion in [/home/masterchief/git/kriegsmaterial/src/Controller/ExportController.php, line 91]
Trace:
Cake\Error\BaseErrorHandler::handleError() - CORE/src/Error/BaseErrorHandler.php, line 138
App\Controller\ExportController::search() - APP/Controller/ExportController.php, line 91
Cake\Controller\Controller::invokeAction() - CORE/src/Controller/Controller.php, line 411
Cake\Routing\Dispatcher::_invoke() - CORE/src/Routing/Dispatcher.php, line 114
Cake\Routing\Dispatcher::dispatch() - CORE/src/Routing/Dispatcher.php, line 87
[main] - ROOT/webroot/index.php, line 37



2015-08-05 15:37:46 Notice: Notice (8): Object of class App\Controller\ExportController to string conversion in [/home/masterchief/git/kriegsmaterial/src/Controller/ExportController.php, line 96]
Trace:
Cake\Error\BaseErrorHandler::handleError() - CORE/src/Error/BaseErrorHandler.php, line 138
App\Controller\ExportController::search() - APP/Controller/ExportController.php, line 96
Cake\Controller\Controller::invokeAction() - CORE/src/Controller/Controller.php, line 411
Cake\Routing\Dispatcher::_invoke() - CORE/src/Routing/Dispatcher.php, line 114
Cake\Routing\Dispatcher::dispatch() - CORE/src/Routing/Dispatcher.php, line 87
[main] - ROOT/webroot/index.php, line 37



2015-08-05 15:37:46 Notice: Notice (8): Undefined variable: Object in [/home/masterchief/git/kriegsmaterial/src/Controller/ExportController.php, line 96]
Trace:
Cake\Error\BaseErrorHandler::handleError() - CORE/src/Error/BaseErrorHandler.php, line 138
App\Controller\ExportController::search() - APP/Controller/ExportController.php, line 96
Cake\Controller\Controller::invokeAction() - CORE/src/Controller/Controller.php, line 411
Cake\Routing\Dispatcher::_invoke() - CORE/src/Routing/Dispatcher.php, line 114
Cake\Routing\Dispatcher::dispatch() - CORE/src/Routing/Dispatcher.php, line 87
[main] - ROOT/webroot/index.php, line 37



2015-08-05 15:38:18 Notice: Notice (8): Object of class App\Controller\ExportController to string conversion in [/home/masterchief/git/kriegsmaterial/src/Controller/ExportController.php, line 97]
Trace:
Cake\Error\BaseErrorHandler::handleError() - CORE/src/Error/BaseErrorHandler.php, line 138
App\Controller\ExportController::search() - APP/Controller/ExportController.php, line 97
Cake\Controller\Controller::invokeAction() - CORE/src/Controller/Controller.php, line 411
Cake\Routing\Dispatcher::_invoke() - CORE/src/Routing/Dispatcher.php, line 114
Cake\Routing\Dispatcher::dispatch() - CORE/src/Routing/Dispatcher.php, line 87
[main] - ROOT/webroot/index.php, line 37



2015-08-05 15:38:18 Notice: Notice (8): Undefined variable: Object in [/home/masterchief/git/kriegsmaterial/src/Controller/ExportController.php, line 97]
Trace:
Cake\Error\BaseErrorHandler::handleError() - CORE/src/Error/BaseErrorHandler.php, line 138
App\Controller\ExportController::search() - APP/Controller/ExportController.php, line 97
Cake\Controller\Controller::invokeAction() - CORE/src/Controller/Controller.php, line 411
Cake\Routing\Dispatcher::_invoke() - CORE/src/Routing/Dispatcher.php, line 114
Cake\Routing\Dispatcher::dispatch() - CORE/src/Routing/Dispatcher.php, line 87
[main] - ROOT/webroot/index.php, line 37



2015-08-05 15:38:35 Notice: Notice (8): Object of class App\Controller\ExportController to string conversion in [/home/masterchief/git/kriegsmaterial/src/Controller/ExportController.php, line 97]
Trace:
Cake\Error\BaseErrorHandler::handleError() - CORE/src/Error/BaseErrorHandler.php, line 138
App\Controller\ExportController::search() - APP/Controller/ExportController.php, line 97
Cake\Controller\Controller::invokeAction() - CORE/src/Controller/Controller.php, line 411
Cake\Routing\Dispatcher::_invoke() - CORE/src/Routing/Dispatcher.php, line 114
Cake\Routing\Dispatcher::dispatch() - CORE/src/Routing/Dispatcher.php, line 87
[main] - ROOT/webroot/index.php, line 37



2015-08-05 15:38:35 Notice: Notice (8): Undefined variable: Object in [/home/masterchief/git/kriegsmaterial/src/Controller/ExportController.php, line 97]
Trace:
Cake\Error\BaseErrorHandler::handleError() - CORE/src/Error/BaseErrorHandler.php, line 138
App\Controller\ExportController::search() - APP/Controller/ExportController.php, line 97
Cake\Controller\Controller::invokeAction() - CORE/src/Controller/Controller.php, line 411
Cake\Routing\Dispatcher::_invoke() - CORE/src/Routing/Dispatcher.php, line 114
Cake\Routing\Dispatcher::dispatch() - CORE/src/Routing/Dispatcher.php, line 87
[main] - ROOT/webroot/index.php, line 37



2015-08-05 15:38:56 Notice: Notice (8): Object of class App\Controller\ExportController to string conversion in [/home/masterchief/git/kriegsmaterial/src/Controller/ExportController.php, line 97]
Trace:
Cake\Error\BaseErrorHandler::handleError() - CORE/src/Error/BaseErrorHandler.php, line 138
App\Controller\ExportController::search() - APP/Controller/ExportController.php, line 97
Cake\Controller\Controller::invokeAction() - CORE/src/Controller/Controller.php, line 411
Cake\Routing\Dispatcher::_invoke() - CORE/src/Routing/Dispatcher.php, line 114
Cake\Routing\Dispatcher::dispatch() - CORE/src/Routing/Dispatcher.php, line 87
[main] - ROOT/webroot/index.php, line 37



2015-08-05 15:38:56 Notice: Notice (8): Undefined variable: Object in [/home/masterchief/git/kriegsmaterial/src/Controller/ExportController.php, line 97]
Trace:
Cake\Error\BaseErrorHandler::handleError() - CORE/src/Error/BaseErrorHandler.php, line 138
App\Controller\ExportController::search() - APP/Controller/ExportController.php, line 97
Cake\Controller\Controller::invokeAction() - CORE/src/Controller/Controller.php, line 411
Cake\Routing\Dispatcher::_invoke() - CORE/src/Routing/Dispatcher.php, line 114
Cake\Routing\Dispatcher::dispatch() - CORE/src/Routing/Dispatcher.php, line 87
[main] - ROOT/webroot/index.php, line 37



2015-08-06 15:10:45 Notice: Notice (8): Undefined index: magicId in [/home/masterchief/git/kriegsmaterial/src/Controller/ExportController.php, line 100]
Trace:
Cake\Error\BaseErrorHandler::handleError() - CORE/src/Error/BaseErrorHandler.php, line 138
App\Controller\ExportController::search() - APP/Controller/ExportController.php, line 100
Cake\Controller\Controller::invokeAction() - CORE/src/Controller/Controller.php, line 411
Cake\Routing\Dispatcher::_invoke() - CORE/src/Routing/Dispatcher.php, line 114
Cake\Routing\Dispatcher::dispatch() - CORE/src/Routing/Dispatcher.php, line 87
[main] - ROOT/webroot/index.php, line 37



2015-08-06 15:13:00 Notice: Notice (8): Undefined index: magicId in [/home/masterchief/git/kriegsmaterial/src/Controller/ExportController.php, line 100]
Trace:
Cake\Error\BaseErrorHandler::handleError() - CORE/src/Error/BaseErrorHandler.php, line 138
App\Controller\ExportController::search() - APP/Controller/ExportController.php, line 100
Cake\Controller\Controller::invokeAction() - CORE/src/Controller/Controller.php, line 411
Cake\Routing\Dispatcher::_invoke() - CORE/src/Routing/Dispatcher.php, line 114
Cake\Routing\Dispatcher::dispatch() - CORE/src/Routing/Dispatcher.php, line 87
[main] - ROOT/webroot/index.php, line 37



2015-08-06 15:18:18 Notice: Notice (8): Undefined index: magicId in [/home/masterchief/git/kriegsmaterial/src/Controller/ExportController.php, line 100]
Trace:
Cake\Error\BaseErrorHandler::handleError() - CORE/src/Error/BaseErrorHandler.php, line 138
App\Controller\ExportController::search() - APP/Controller/ExportController.php, line 100
Cake\Controller\Controller::invokeAction() - CORE/src/Controller/Controller.php, line 411
Cake\Routing\Dispatcher::_invoke() - CORE/src/Routing/Dispatcher.php, line 114
Cake\Routing\Dispatcher::dispatch() - CORE/src/Routing/Dispatcher.php, line 87
[main] - ROOT/webroot/index.php, line 37



2015-08-06 15:23:59 Notice: Notice (8): Undefined index: magicId in [/home/masterchief/git/kriegsmaterial/src/Controller/ExportController.php, line 100]
Trace:
Cake\Error\BaseErrorHandler::handleError() - CORE/src/Error/BaseErrorHandler.php, line 138
App\Controller\ExportController::search() - APP/Controller/ExportController.php, line 100
Cake\Controller\Controller::invokeAction() - CORE/src/Controller/Controller.php, line 411
Cake\Routing\Dispatcher::_invoke() - CORE/src/Routing/Dispatcher.php, line 114
Cake\Routing\Dispatcher::dispatch() - CORE/src/Routing/Dispatcher.php, line 87
[main] - ROOT/webroot/index.php, line 37



2015-08-06 15:24:39 Notice: Notice (8): Undefined index: magicId in [/home/masterchief/git/kriegsmaterial/src/Controller/ExportController.php, line 100]
Trace:
Cake\Error\BaseErrorHandler::handleError() - CORE/src/Error/BaseErrorHandler.php, line 138
App\Controller\ExportController::search() - APP/Controller/ExportController.php, line 100
Cake\Controller\Controller::invokeAction() - CORE/src/Controller/Controller.php, line 411
Cake\Routing\Dispatcher::_invoke() - CORE/src/Routing/Dispatcher.php, line 114
Cake\Routing\Dispatcher::dispatch() - CORE/src/Routing/Dispatcher.php, line 87
[main] - ROOT/webroot/index.php, line 37



2015-08-06 15:24:56 Notice: Notice (8): Undefined index: magicId in [/home/masterchief/git/kriegsmaterial/src/Controller/ExportController.php, line 100]
Trace:
Cake\Error\BaseErrorHandler::handleError() - CORE/src/Error/BaseErrorHandler.php, line 138
App\Controller\ExportController::search() - APP/Controller/ExportController.php, line 100
Cake\Controller\Controller::invokeAction() - CORE/src/Controller/Controller.php, line 411
Cake\Routing\Dispatcher::_invoke() - CORE/src/Routing/Dispatcher.php, line 114
Cake\Routing\Dispatcher::dispatch() - CORE/src/Routing/Dispatcher.php, line 87
[main] - ROOT/webroot/index.php, line 37



2015-08-06 16:15:27 Notice: Notice (8): Undefined index: magicId in [/home/masterchief/git/kriegsmaterial/src/Controller/ExportController.php, line 101]
Trace:
Cake\Error\BaseErrorHandler::handleError() - CORE/src/Error/BaseErrorHandler.php, line 138
App\Controller\ExportController::search() - APP/Controller/ExportController.php, line 101
Cake\Controller\Controller::invokeAction() - CORE/src/Controller/Controller.php, line 411
Cake\Routing\Dispatcher::_invoke() - CORE/src/Routing/Dispatcher.php, line 114
Cake\Routing\Dispatcher::dispatch() - CORE/src/Routing/Dispatcher.php, line 87
[main] - ROOT/webroot/index.php, line 37



2015-08-06 16:17:07 Notice: Notice (8): Undefined index: magicId in [/home/masterchief/git/kriegsmaterial/src/Controller/ExportController.php, line 101]
Trace:
Cake\Error\BaseErrorHandler::handleError() - CORE/src/Error/BaseErrorHandler.php, line 138
App\Controller\ExportController::search() - APP/Controller/ExportController.php, line 101
Cake\Controller\Controller::invokeAction() - CORE/src/Controller/Controller.php, line 411
Cake\Routing\Dispatcher::_invoke() - CORE/src/Routing/Dispatcher.php, line 114
Cake\Routing\Dispatcher::dispatch() - CORE/src/Routing/Dispatcher.php, line 87
[main] - ROOT/webroot/index.php, line 37



